Using pre-set license
Built from '2021.3/staging' branch; Version is '2021.3.20f1 (577897200b8b) revision 5732503'; Using compiler version '192829333'; Build Type 'Release'
OS: 'Windows 10  (10.0.19045) 64bit Professional' Language: 'ko' Physical Memory: 16324 MB
BatchMode: 1, IsHumanControllingUs: 0, StartBugReporterOnCrash: 0, Is64bit: 1, IsPro: 1

COMMAND LINE ARGUMENTS:
D:\Program Files\2021.3.20f1\Editor\Unity.exe
-adb2
-batchMode
-noUpm
-name
AssetImportWorker0
-projectPath
C:/Users/admin/Desktop/HollowKnight/HollowKnight
-logFile
Logs/AssetImportWorker0.log
-srvPort
1519
Successfully changed project path to: C:/Users/admin/Desktop/HollowKnight/HollowKnight
C:/Users/admin/Desktop/HollowKnight/HollowKnight
[UnityMemory] Configuration Parameters - Can be set up in boot.config
    "memorysetup-bucket-allocator-granularity=16"
    "memorysetup-bucket-allocator-bucket-count=8"
    "memorysetup-bucket-allocator-block-size=33554432"
    "memorysetup-bucket-allocator-block-count=8"
    "memorysetup-main-allocator-block-size=16777216"
    "memorysetup-thread-allocator-block-size=16777216"
    "memorysetup-gfx-main-allocator-block-size=16777216"
    "memorysetup-gfx-thread-allocator-block-size=16777216"
    "memorysetup-cache-allocator-block-size=4194304"
    "memorysetup-typetree-allocator-block-size=2097152"
    "memorysetup-profiler-bucket-allocator-granularity=16"
    "memorysetup-profiler-bucket-allocator-bucket-count=8"
    "memorysetup-profiler-bucket-allocator-block-size=33554432"
    "memorysetup-profiler-bucket-allocator-block-count=8"
    "memorysetup-profiler-allocator-block-size=16777216"
    "memorysetup-profiler-editor-allocator-block-size=1048576"
    "memorysetup-temp-allocator-size-main=16777216"
    "memorysetup-job-temp-allocator-block-size=2097152"
    "memorysetup-job-temp-allocator-block-size-background=1048576"
    "memorysetup-job-temp-allocator-reduction-small-platforms=262144"
    "memorysetup-temp-allocator-size-background-worker=32768"
    "memorysetup-temp-allocator-size-job-worker=262144"
    "memorysetup-temp-allocator-size-preload-manager=33554432"
    "memorysetup-temp-allocator-size-nav-mesh-worker=65536"
    "memorysetup-temp-allocator-size-audio-worker=65536"
    "memorysetup-temp-allocator-size-cloud-worker=32768"
    "memorysetup-temp-allocator-size-gi-baking-worker=262144"
    "memorysetup-temp-allocator-size-gfx=262144"
Player connection [7804] Host "[IP] 192.168.45.69 [Port] 0 [Flags] 2 [Guid] 3157654628 [EditorId] 3157654628 [Version] 1048832 [Id] WindowsEditor(7,DESKTOP-LL203MI) [Debug] 1 [PackageName] WindowsEditor [ProjectName] Editor" joined multi-casting on [225.0.0.222:54997]...

Player connection [7804] Host "[IP] 192.168.45.69 [Port] 0 [Flags] 2 [Guid] 3157654628 [EditorId] 3157654628 [Version] 1048832 [Id] WindowsEditor(7,DESKTOP-LL203MI) [Debug] 1 [PackageName] WindowsEditor [ProjectName] Editor" joined alternative multi-casting on [225.0.0.222:34997]...

Refreshing native plugins compatible for Editor in 127.38 ms, found 4 plugins.
Preloading 0 native plugins for Editor in 0.00 ms.
Initialize engine version: 2021.3.20f1 (577897200b8b)
[Subsystems] Discovering subsystems at path D:/Program Files/2021.3.20f1/Editor/Data/Resources/UnitySubsystems
[Subsystems] Discovering subsystems at path C:/Users/admin/Desktop/HollowKnight/HollowKnight/Assets
GfxDevice: creating device client; threaded=0; jobified=0
Direct3D:
    Version:  Direct3D 11.0 [level 11.1]
    Renderer: NVIDIA GeForce GTX 1050 Ti (ID=0x1c82)
    Vendor:   NVIDIA
    VRAM:     4017 MB
    Driver:   31.0.15.3623
Initialize mono
Mono path[0] = 'D:/Program Files/2021.3.20f1/Editor/Data/Managed'
Mono path[1] = 'D:/Program Files/2021.3.20f1/Editor/Data/MonoBleedingEdge/lib/mono/unityjit-win32'
Mono config path = 'D:/Program Files/2021.3.20f1/Editor/Data/MonoBleedingEdge/etc'
Using monoOptions --debugger-agent=transport=dt_socket,embedding=1,server=y,suspend=n,address=127.0.0.1:56448
Begin MonoManager ReloadAssembly
Registering precompiled unity dll's ...
Register platform support module: D:/Program Files/2021.3.20f1/Editor/Data/PlaybackEngines/WindowsStandaloneSupport/UnityEditor.WindowsStandalone.Extensions.dll
Registered in 0.002986 seconds.
Native extension for WindowsStandalone target not found
Refreshing native plugins compatible for Editor in 120.17 ms, found 4 plugins.
Preloading 0 native plugins for Editor in 0.00 ms.
Mono: successfully reloaded assembly
- Completed reload, in  0.801 seconds
Domain Reload Profiling:
	ReloadAssembly (801ms)
		BeginReloadAssembly (117ms)
			ExecutionOrderSort (0ms)
			DisableScriptedObjects (0ms)
			BackupInstance (0ms)
			ReleaseScriptingObjects (0ms)
			CreateAndSetChildDomain (1ms)
		EndReloadAssembly (584ms)
			LoadAssemblies (117ms)
			RebuildTransferFunctionScriptingTraits (0ms)
			SetupTypeCache (130ms)
			ReleaseScriptCaches (0ms)
			RebuildScriptCaches (36ms)
			SetupLoadedEditorAssemblies (353ms)
				LogAssemblyErrors (0ms)
				InitializePlatformSupportModulesInManaged (8ms)
				SetLoadedEditorAssemblies (0ms)
				RefreshPlugins (120ms)
				BeforeProcessingInitializeOnLoad (2ms)
				ProcessInitializeOnLoadAttributes (166ms)
				ProcessInitializeOnLoadMethodAttributes (56ms)
				AfterProcessingInitializeOnLoad (0ms)
				EditorAssembliesLoaded (0ms)
			ExecutionOrderSort2 (0ms)
			AwakeInstancesAfterBackupRestoration (0ms)
Platform modules already initialized, skipping
Registering precompiled user dll's ...
Registered in 0.009631 seconds.
Begin MonoManager ReloadAssembly
Symbol file LoadedFromMemory doesn't match image C:\Users\admin\Desktop\HollowKnight\HollowKnight\Library\PackageCache\com.unity.visualscripting@1.8.0\Editor\VisualScripting.Core\Dependencies\YamlDotNet\Unity.VisualScripting.YamlDotNet.dll
Symbol file LoadedFromMemory doesn't match image C:\Users\admin\Desktop\HollowKnight\HollowKnight\Library\PackageCache\com.unity.visualscripting@1.8.0\Editor\VisualScripting.Core\Dependencies\DotNetZip\Unity.VisualScripting.IonicZip.dll
Native extension for WindowsStandalone target not found
Refreshing native plugins compatible for Editor in 144.01 ms, found 4 plugins.
Preloading 0 native plugins for Editor in 0.00 ms.
Mono: successfully reloaded assembly
- Completed reload, in  2.040 seconds
Domain Reload Profiling:
	ReloadAssembly (2042ms)
		BeginReloadAssembly (153ms)
			ExecutionOrderSort (0ms)
			DisableScriptedObjects (7ms)
			BackupInstance (0ms)
			ReleaseScriptingObjects (0ms)
			CreateAndSetChildDomain (20ms)
		EndReloadAssembly (1748ms)
			LoadAssemblies (140ms)
			RebuildTransferFunctionScriptingTraits (0ms)
			SetupTypeCache (403ms)
			ReleaseScriptCaches (1ms)
			RebuildScriptCaches (139ms)
			SetupLoadedEditorAssemblies (970ms)
				LogAssemblyErrors (0ms)
				InitializePlatformSupportModulesInManaged (6ms)
				SetLoadedEditorAssemblies (0ms)
				RefreshPlugins (144ms)
				BeforeProcessingInitializeOnLoad (221ms)
				ProcessInitializeOnLoadAttributes (538ms)
				ProcessInitializeOnLoadMethodAttributes (57ms)
				AfterProcessingInitializeOnLoad (3ms)
				EditorAssembliesLoaded (0ms)
			ExecutionOrderSort2 (0ms)
			AwakeInstancesAfterBackupRestoration (7ms)
Platform modules already initialized, skipping
========================================================================
Worker process is ready to serve import requests
Launched and connected shader compiler UnityShaderCompiler.exe after 0.06 seconds
Refreshing native plugins compatible for Editor in 1.32 ms, found 4 plugins.
Preloading 0 native plugins for Editor in 0.00 ms.
Unloading 4250 Unused Serialized files (Serialized files now loaded: 0)
Unloading 51 unused Assets / (129.3 KB). Loaded Objects now: 4709.
Memory consumption went from 166.2 MB to 166.1 MB.
Total: 4.251700 ms (FindLiveObjects: 0.338100 ms CreateObjectMapping: 0.292800 ms MarkObjects: 3.517000 ms  DeleteObjects: 0.102800 ms)

AssetImportParameters requested are different than current active one (requested -> active):
  custom:video-decoder-ogg-theora: a1e56fd34408186e4bbccfd4996cb3dc -> 
  custom:container-muxer-webm: aa71ff27fc2769a1b78a27578f13a17b -> 
  custom:container-demuxer-webm: 4f35f7cbe854078d1ac9338744f61a02 -> 
  custom:video-encoder-webm-vp8: eb34c28f22e8b96e1ab97ce403110664 -> 
  custom:video-codec-MediaFoundation-h265: 746d11721c4dcdbdad8f713fa42b33f4 -> 
  custom:audio-encoder-webm-vorbis: bf7c407c2cedff20999df2af8eb42d56 -> 
  custom:framework-win-MediaFoundation: 216162199b28c13a410421893ffa2e32 -> 
  custom:container-demuxer-ogg: 62fdf1f143b41e24485cea50d1cbac27 -> 
  custom:video-decoder-webm-vp8: 9c59270c3fd7afecdb556c50c9e8de78 -> 
  custom:audio-decoder-ogg-vorbis: bf7c407c2cedff20999df2af8eb42d56 -> 
========================================================================
Received Import Request.
  Time since last request: 1349539.364274 seconds.
  path: Assets/Sprites/Enemy/Zombie Basic 1/Idle/Idle_idle0000_000.png
  artifactKey: Guid(3b3e15963e608d54485912c6efe50864) Importer(815301076,1909f56bfc062723c751e8b465ee728b)
Start importing Assets/Sprites/Enemy/Zombie Basic 1/Idle/Idle_idle0000_000.png using Guid(3b3e15963e608d54485912c6efe50864) Importer(815301076,1909f56bfc062723c751e8b465ee728b)  -> (artifact id: '337704cf7365763cc731de1eba55e9c4') in 0.205443 seconds 
========================================================================
Received Import Request.
  Time since last request: 44.717197 seconds.
  path: Assets/Animations/Enemy/Zombie Basic 1
  artifactKey: Guid(301de544c602cf545950d783bb046d9a) Importer(815301076,1909f56bfc062723c751e8b465ee728b)
Start importing Assets/Animations/Enemy/Zombie Basic 1 using Guid(301de544c602cf545950d783bb046d9a) Importer(815301076,1909f56bfc062723c751e8b465ee728b)  -> (artifact id: '92ab4437d75c0bbd75cf9cb090c2ce1c') in 0.025627 seconds 
========================================================================
Received Import Request.
  Time since last request: 1.253666 seconds.
  path: Assets/Animations/Enemy/Zombie Basic 1/Idle_idle0000_000.controller
  artifactKey: Guid(0756f47774cf20d45bd322b39755ef1c) Importer(815301076,1909f56bfc062723c751e8b465ee728b)
Start importing Assets/Animations/Enemy/Zombie Basic 1/Idle_idle0000_000.controller using Guid(0756f47774cf20d45bd322b39755ef1c) Importer(815301076,1909f56bfc062723c751e8b465ee728b)  -> (artifact id: '2b81b318975f7cb127801900ab0f6c43') in 0.008383 seconds 
========================================================================
Received Import Request.
  Time since last request: 7.829709 seconds.
  path: Assets/Animations/Enemy/Zombie Basic 1/Zombie Basic 1.controller
  artifactKey: Guid(0756f47774cf20d45bd322b39755ef1c) Importer(815301076,1909f56bfc062723c751e8b465ee728b)
Start importing Assets/Animations/Enemy/Zombie Basic 1/Zombie Basic 1.controller using Guid(0756f47774cf20d45bd322b39755ef1c) Importer(815301076,1909f56bfc062723c751e8b465ee728b)  -> (artifact id: '406cc5c0128e83827b21df2d3e4eb7c4') in 0.005914 seconds 
========================================================================
Received Prepare
Registering precompiled user dll's ...
Registered in 0.008903 seconds.
Begin MonoManager ReloadAssembly
Symbol file LoadedFromMemory doesn't match image C:\Users\admin\Desktop\HollowKnight\HollowKnight\Library\PackageCache\com.unity.visualscripting@1.8.0\Editor\VisualScripting.Core\Dependencies\YamlDotNet\Unity.VisualScripting.YamlDotNet.dll
Symbol file LoadedFromMemory doesn't match image C:\Users\admin\Desktop\HollowKnight\HollowKnight\Library\PackageCache\com.unity.visualscripting@1.8.0\Editor\VisualScripting.Core\Dependencies\DotNetZip\Unity.VisualScripting.IonicZip.dll
Native extension for WindowsStandalone target not found
Refreshing native plugins compatible for Editor in 1.56 ms, found 4 plugins.
Preloading 0 native plugins for Editor in 0.00 ms.
Mono: successfully reloaded assembly
- Completed reload, in  2.542 seconds
Domain Reload Profiling:
	ReloadAssembly (2543ms)
		BeginReloadAssembly (297ms)
			ExecutionOrderSort (0ms)
			DisableScriptedObjects (8ms)
			BackupInstance (0ms)
			ReleaseScriptingObjects (0ms)
			CreateAndSetChildDomain (57ms)
		EndReloadAssembly (2015ms)
			LoadAssemblies (250ms)
			RebuildTransferFunctionScriptingTraits (0ms)
			SetupTypeCache (587ms)
			ReleaseScriptCaches (2ms)
			RebuildScriptCaches (120ms)
			SetupLoadedEditorAssemblies (959ms)
				LogAssemblyErrors (0ms)
				InitializePlatformSupportModulesInManaged (10ms)
				SetLoadedEditorAssemblies (1ms)
				RefreshPlugins (2ms)
				BeforeProcessingInitializeOnLoad (166ms)
				ProcessInitializeOnLoadAttributes (703ms)
				ProcessInitializeOnLoadMethodAttributes (68ms)
				AfterProcessingInitializeOnLoad (8ms)
				EditorAssembliesLoaded (1ms)
			ExecutionOrderSort2 (0ms)
			AwakeInstancesAfterBackupRestoration (19ms)
Platform modules already initialized, skipping
Refreshing native plugins compatible for Editor in 8.56 ms, found 4 plugins.
Preloading 0 native plugins for Editor in 0.00 ms.
Unloading 4239 Unused Serialized files (Serialized files now loaded: 0)
Unloading 24 unused Assets / (95.3 KB). Loaded Objects now: 4730.
Memory consumption went from 169.4 MB to 169.3 MB.
Total: 6.787400 ms (FindLiveObjects: 0.384500 ms CreateObjectMapping: 0.391300 ms MarkObjects: 5.959400 ms  DeleteObjects: 0.051200 ms)

AssetImportParameters requested are different than current active one (requested -> active):
  custom:video-decoder-ogg-theora: a1e56fd34408186e4bbccfd4996cb3dc -> 
  custom:container-muxer-webm: aa71ff27fc2769a1b78a27578f13a17b -> 
  custom:container-demuxer-webm: 4f35f7cbe854078d1ac9338744f61a02 -> 
  custom:video-encoder-webm-vp8: eb34c28f22e8b96e1ab97ce403110664 -> 
  custom:video-codec-MediaFoundation-h265: 746d11721c4dcdbdad8f713fa42b33f4 -> 
  custom:audio-encoder-webm-vorbis: bf7c407c2cedff20999df2af8eb42d56 -> 
  custom:framework-win-MediaFoundation: 216162199b28c13a410421893ffa2e32 -> 
  custom:container-demuxer-ogg: 62fdf1f143b41e24485cea50d1cbac27 -> 
  custom:video-decoder-webm-vp8: 9c59270c3fd7afecdb556c50c9e8de78 -> 
  custom:audio-decoder-ogg-vorbis: bf7c407c2cedff20999df2af8eb42d56 -> 
========================================================================
Received Import Request.
  Time since last request: 90.376267 seconds.
  path: Assets/Sprites/Enemy/Zombie Basic 1/Idle/Idle_idle0001_001.png
  artifactKey: Guid(f0e79ed8597ce4f4f917d44593b90800) Importer(815301076,1909f56bfc062723c751e8b465ee728b)
Start importing Assets/Sprites/Enemy/Zombie Basic 1/Idle/Idle_idle0001_001.png using Guid(f0e79ed8597ce4f4f917d44593b90800) Importer(815301076,1909f56bfc062723c751e8b465ee728b)  -> (artifact id: '1c227ad2799be475274addb706c35ba1') in 0.116484 seconds 
========================================================================
Received Import Request.
  Time since last request: 0.000033 seconds.
  path: Assets/Sprites/Enemy/Zombie Basic 1/Idle/Idle_idle0005_005.png
  artifactKey: Guid(cd2b9ebdcfae1fb4d921d85905ba4bdf) Importer(815301076,1909f56bfc062723c751e8b465ee728b)
Start importing Assets/Sprites/Enemy/Zombie Basic 1/Idle/Idle_idle0005_005.png using Guid(cd2b9ebdcfae1fb4d921d85905ba4bdf) Importer(815301076,1909f56bfc062723c751e8b465ee728b)  -> (artifact id: 'c6622760409e41c08c7ba43ce31cf5ba') in 0.035724 seconds 
========================================================================
Received Import Request.
  Time since last request: 0.000042 seconds.
  path: Assets/Sprites/Enemy/Zombie Basic 1/Idle/Idle_idle0003_003.png
  artifactKey: Guid(a98c6940513a474478c829656a9ad397) Importer(815301076,1909f56bfc062723c751e8b465ee728b)
Start importing Assets/Sprites/Enemy/Zombie Basic 1/Idle/Idle_idle0003_003.png using Guid(a98c6940513a474478c829656a9ad397) Importer(815301076,1909f56bfc062723c751e8b465ee728b)  -> (artifact id: '20940efabd5ecb777c2e7cd90b4fb1e8') in 0.041094 seconds 
========================================================================
Received Import Request.
  Time since last request: 0.000025 seconds.
  path: Assets/Sprites/Enemy/Zombie Basic 1/Idle/Idle_idle0002_002.png
  artifactKey: Guid(7edb4cec599932b40b1fea2b01aa42d4) Importer(815301076,1909f56bfc062723c751e8b465ee728b)
Start importing Assets/Sprites/Enemy/Zombie Basic 1/Idle/Idle_idle0002_002.png using Guid(7edb4cec599932b40b1fea2b01aa42d4) Importer(815301076,1909f56bfc062723c751e8b465ee728b)  -> (artifact id: 'd30d87ff4183d02537101a93fdf7fa15') in 0.032578 seconds 
========================================================================
Received Import Request.
  Time since last request: 0.000021 seconds.
  path: Assets/Sprites/Enemy/Zombie Basic 1/Idle/Idle_idle0004_004.png
  artifactKey: Guid(0aaea58d3bc511541b6789335db03205) Importer(815301076,1909f56bfc062723c751e8b465ee728b)
Start importing Assets/Sprites/Enemy/Zombie Basic 1/Idle/Idle_idle0004_004.png using Guid(0aaea58d3bc511541b6789335db03205) Importer(815301076,1909f56bfc062723c751e8b465ee728b)  -> (artifact id: 'da9ff7a86dff3f84a95af65f5be836bc') in 0.033678 seconds 
========================================================================
Received Import Request.
  Time since last request: 73.890820 seconds.
  path: Assets/Sprites/Enemy/Zombie Basic 1/Walk/Walk_walk0000_000.png
  artifactKey: Guid(5c75c0295056e1b42abb9b906ab4f294) Importer(815301076,1909f56bfc062723c751e8b465ee728b)
Start importing Assets/Sprites/Enemy/Zombie Basic 1/Walk/Walk_walk0000_000.png using Guid(5c75c0295056e1b42abb9b906ab4f294) Importer(815301076,1909f56bfc062723c751e8b465ee728b)  -> (artifact id: '3c504db6b63a1aa231a0a39c63105b58') in 0.027643 seconds 
========================================================================
Received Import Request.
  Time since last request: 1.045474 seconds.
  path: Assets/Sprites/Enemy/Zombie Basic 1/Walk/Walk_walk0006_006.png
  artifactKey: Guid(85ee1a4fdea75024a82d0065b278d67c) Importer(815301076,1909f56bfc062723c751e8b465ee728b)
Start importing Assets/Sprites/Enemy/Zombie Basic 1/Walk/Walk_walk0006_006.png using Guid(85ee1a4fdea75024a82d0065b278d67c) Importer(815301076,1909f56bfc062723c751e8b465ee728b)  -> (artifact id: 'e36618e427e6a61aca71ebbe5e28be11') in 0.154044 seconds 
========================================================================
Received Import Request.
  Time since last request: 1.134633 seconds.
  path: Assets/Sprites/Enemy/Zombie Basic 1/Walk/Walk_walk0001_001.png
  artifactKey: Guid(58d880eef5791aa419d2bc25b5828c5e) Importer(815301076,1909f56bfc062723c751e8b465ee728b)
Start importing Assets/Sprites/Enemy/Zombie Basic 1/Walk/Walk_walk0001_001.png using Guid(58d880eef5791aa419d2bc25b5828c5e) Importer(815301076,1909f56bfc062723c751e8b465ee728b)  -> (artifact id: 'f5b72c7c955a0d74efdf82ba46e965cf') in 0.027468 seconds 
========================================================================
Received Import Request.
  Time since last request: 0.321395 seconds.
  path: Assets/Sprites/Enemy/Zombie Basic 1/Walk/Walk_walk0002_002.png
  artifactKey: Guid(40b7f4dacbd8b7b42ab936ab139fd0f9) Importer(815301076,1909f56bfc062723c751e8b465ee728b)
Start importing Assets/Sprites/Enemy/Zombie Basic 1/Walk/Walk_walk0002_002.png using Guid(40b7f4dacbd8b7b42ab936ab139fd0f9) Importer(815301076,1909f56bfc062723c751e8b465ee728b)  -> (artifact id: '321fbe5bee8ec551ec562d8e299e426c') in 0.030586 seconds 
========================================================================
Received Import Request.
  Time since last request: 0.320353 seconds.
  path: Assets/Sprites/Enemy/Zombie Basic 1/Walk/Walk_walk0003_003.png
  artifactKey: Guid(4442b1eb11d3a6143ae0b2f6c2afbf08) Importer(815301076,1909f56bfc062723c751e8b465ee728b)
Start importing Assets/Sprites/Enemy/Zombie Basic 1/Walk/Walk_walk0003_003.png using Guid(4442b1eb11d3a6143ae0b2f6c2afbf08) Importer(815301076,1909f56bfc062723c751e8b465ee728b)  -> (artifact id: '80aa845e101e979f2a79c71669478be8') in 0.028974 seconds 
========================================================================
Received Import Request.
  Time since last request: 0.341986 seconds.
  path: Assets/Sprites/Enemy/Zombie Basic 1/Walk/Walk_walk0004_004.png
  artifactKey: Guid(3f1d36c291c221e41951a42e007b8160) Importer(815301076,1909f56bfc062723c751e8b465ee728b)
Start importing Assets/Sprites/Enemy/Zombie Basic 1/Walk/Walk_walk0004_004.png using Guid(3f1d36c291c221e41951a42e007b8160) Importer(815301076,1909f56bfc062723c751e8b465ee728b)  -> (artifact id: '4eee4a8be1c062fa4f4a46d0f5750051') in 0.031065 seconds 
========================================================================
Received Import Request.
  Time since last request: 0.711031 seconds.
  path: Assets/Sprites/Enemy/Zombie Basic 1/Walk/Walk_walk0005_005.png
  artifactKey: Guid(4c49409502706ad43a7927b8dab6e9fc) Importer(815301076,1909f56bfc062723c751e8b465ee728b)
Start importing Assets/Sprites/Enemy/Zombie Basic 1/Walk/Walk_walk0005_005.png using Guid(4c49409502706ad43a7927b8dab6e9fc) Importer(815301076,1909f56bfc062723c751e8b465ee728b)  -> (artifact id: '136ef3a8a3fcb50c5e1dbb144fff09e1') in 0.027911 seconds 
========================================================================
Received Import Request.
  Time since last request: 26.162544 seconds.
  path: Assets/Animations/Enemy/Zombie Basic 1/Walk_walk0000_000.controller
  artifactKey: Guid(043065b96e5b326418fbfd0e4f7dc9d4) Importer(815301076,1909f56bfc062723c751e8b465ee728b)
Start importing Assets/Animations/Enemy/Zombie Basic 1/Walk_walk0000_000.controller using Guid(043065b96e5b326418fbfd0e4f7dc9d4) Importer(815301076,1909f56bfc062723c751e8b465ee728b)  -> (artifact id: 'c445cd3ea32c875482271427b10b8c01') in 0.006369 seconds 
========================================================================
Received Import Request.
  Time since last request: 2.411926 seconds.
  path: Assets/Animations/Enemy/Zombie Basic 1/Walk.anim
  artifactKey: Guid(df4eba707bcfadb4aa6f1e2c064524f4) Importer(815301076,1909f56bfc062723c751e8b465ee728b)
Start importing Assets/Animations/Enemy/Zombie Basic 1/Walk.anim using Guid(df4eba707bcfadb4aa6f1e2c064524f4) Importer(815301076,1909f56bfc062723c751e8b465ee728b)  -> (artifact id: 'ae81ec9e968e7f76961767df8d4b70ac') in 0.012014 seconds 
========================================================================
Received Import Request.
  Time since last request: 46.765506 seconds.
  path: Assets/Sprites/Enemy/Zombie Basic 1/DeathLand/Death Land_death0001_000.png
  artifactKey: Guid(eca87f845d18caf4c8cb29a37b53f8ca) Importer(815301076,1909f56bfc062723c751e8b465ee728b)
Start importing Assets/Sprites/Enemy/Zombie Basic 1/DeathLand/Death Land_death0001_000.png using Guid(eca87f845d18caf4c8cb29a37b53f8ca) Importer(815301076,1909f56bfc062723c751e8b465ee728b)  -> (artifact id: '8b9d4d176a3d21f762cc7bfa0094af3a') in 0.035190 seconds 
========================================================================
Received Import Request.
  Time since last request: 1.735009 seconds.
  path: Assets/Sprites/Enemy/Zombie Basic 1/DeathLand/Death Land_death0003_002.png
  artifactKey: Guid(3260330e5be33ca4198def8bb530c223) Importer(815301076,1909f56bfc062723c751e8b465ee728b)
Start importing Assets/Sprites/Enemy/Zombie Basic 1/DeathLand/Death Land_death0003_002.png using Guid(3260330e5be33ca4198def8bb530c223) Importer(815301076,1909f56bfc062723c751e8b465ee728b)  -> (artifact id: '0a209ea0ea08d971f59505320aab9a15') in 0.033898 seconds 
========================================================================
Received Import Request.
  Time since last request: 11.259271 seconds.
  path: Assets/Sprites/Enemy/Zombie Basic 1/DeathLand/Death Land_death0002_001.png
  artifactKey: Guid(acad83a9419f5b9428a393a8a7d633fa) Importer(815301076,1909f56bfc062723c751e8b465ee728b)
Start importing Assets/Sprites/Enemy/Zombie Basic 1/DeathLand/Death Land_death0002_001.png using Guid(acad83a9419f5b9428a393a8a7d633fa) Importer(815301076,1909f56bfc062723c751e8b465ee728b)  -> (artifact id: '2cd24fe83c7afe7335c6c441ecf0e475') in 0.042854 seconds 
========================================================================
Received Import Request.
  Time since last request: 0.000026 seconds.
  path: Assets/Sprites/Enemy/Zombie Basic 1/DeathLand/Death Land_death0007_006.png
  artifactKey: Guid(2b90abc276cfdb5448ac7d99bf2062c7) Importer(815301076,1909f56bfc062723c751e8b465ee728b)
Start importing Assets/Sprites/Enemy/Zombie Basic 1/DeathLand/Death Land_death0007_006.png using Guid(2b90abc276cfdb5448ac7d99bf2062c7) Importer(815301076,1909f56bfc062723c751e8b465ee728b)  -> (artifact id: '6e29014b3d7f63ae2af66ff707468d19') in 0.035157 seconds 
========================================================================
Received Import Request.
  Time since last request: 0.000029 seconds.
  path: Assets/Sprites/Enemy/Zombie Basic 1/DeathLand/Death Land_death0005_004.png
  artifactKey: Guid(9cae5601449bf82409360c4f8993f57c) Importer(815301076,1909f56bfc062723c751e8b465ee728b)
Start importing Assets/Sprites/Enemy/Zombie Basic 1/DeathLand/Death Land_death0005_004.png using Guid(9cae5601449bf82409360c4f8993f57c) Importer(815301076,1909f56bfc062723c751e8b465ee728b)  -> (artifact id: '8ddf989152a5b76aa51d88353b8913f6') in 0.036178 seconds 
========================================================================
Received Import Request.
  Time since last request: 0.000032 seconds.
  path: Assets/Sprites/Enemy/Zombie Basic 1/DeathLand/Death Land_death0006_005.png
  artifactKey: Guid(9f48b0ecdcf401240a6b74873554fc30) Importer(815301076,1909f56bfc062723c751e8b465ee728b)
Start importing Assets/Sprites/Enemy/Zombie Basic 1/DeathLand/Death Land_death0006_005.png using Guid(9f48b0ecdcf401240a6b74873554fc30) Importer(815301076,1909f56bfc062723c751e8b465ee728b)  -> (artifact id: 'cb590c62ff81111f5853e9ffcfa46e87') in 0.032453 seconds 
========================================================================
Received Import Request.
  Time since last request: 0.000029 seconds.
  path: Assets/Sprites/Enemy/Zombie Basic 1/DeathLand/Death Land_death0004_003.png
  artifactKey: Guid(aeaa7ba9a772cfd4db68d0d3d9ac3ead) Importer(815301076,1909f56bfc062723c751e8b465ee728b)
Start importing Assets/Sprites/Enemy/Zombie Basic 1/DeathLand/Death Land_death0004_003.png using Guid(aeaa7ba9a772cfd4db68d0d3d9ac3ead) Importer(815301076,1909f56bfc062723c751e8b465ee728b)  -> (artifact id: 'a17141264b863d3dbb34bc80992feba0') in 0.033828 seconds 
========================================================================
Received Import Request.
  Time since last request: 0.000075 seconds.
  path: Assets/Sprites/Enemy/Zombie Basic 1/DeathLand/Death Land_death0008_007.png
  artifactKey: Guid(28b92317d83e30c43b24231361254917) Importer(815301076,1909f56bfc062723c751e8b465ee728b)
Start importing Assets/Sprites/Enemy/Zombie Basic 1/DeathLand/Death Land_death0008_007.png using Guid(28b92317d83e30c43b24231361254917) Importer(815301076,1909f56bfc062723c751e8b465ee728b)  -> (artifact id: '9509b336354fd06cc9c8fd41b04a3fef') in 0.036940 seconds 
========================================================================
Received Import Request.
  Time since last request: 4.641837 seconds.
  path: Assets/Animations/Enemy/Zombie Basic 1/Death Land_death0001_000.controller
  artifactKey: Guid(8ac5b0a48eaa9db488ccc9b36e24baba) Importer(815301076,1909f56bfc062723c751e8b465ee728b)
Start importing Assets/Animations/Enemy/Zombie Basic 1/Death Land_death0001_000.controller using Guid(8ac5b0a48eaa9db488ccc9b36e24baba) Importer(815301076,1909f56bfc062723c751e8b465ee728b)  -> (artifact id: '417744bd66a24a095d92ab35ccf74e83') in 0.004984 seconds 
========================================================================
Received Import Request.
  Time since last request: 29.277019 seconds.
  path: Assets/Sprites/Enemy/Zombie Basic 1/DeathAir/Fall_death0000_000.png
  artifactKey: Guid(20d48d874fc9a974690e6963f9ad3a23) Importer(815301076,1909f56bfc062723c751e8b465ee728b)
Start importing Assets/Sprites/Enemy/Zombie Basic 1/DeathAir/Fall_death0000_000.png using Guid(20d48d874fc9a974690e6963f9ad3a23) Importer(815301076,1909f56bfc062723c751e8b465ee728b)  -> (artifact id: '98abad42c892fca3f1d8b80c80d6e99e') in 0.037401 seconds 
========================================================================
Received Import Request.
  Time since last request: 9.180773 seconds.
  path: Assets/Sprites/Enemy/Zombie Basic 1/DeathAir/Fall_death0001_001.png
  artifactKey: Guid(3b539f021ce118540a08c7604db948f0) Importer(815301076,1909f56bfc062723c751e8b465ee728b)
Start importing Assets/Sprites/Enemy/Zombie Basic 1/DeathAir/Fall_death0001_001.png using Guid(3b539f021ce118540a08c7604db948f0) Importer(815301076,1909f56bfc062723c751e8b465ee728b)  -> (artifact id: '60eb493369dd85e0a44a1305a5e82e34') in 0.027272 seconds 
========================================================================
Received Import Request.
  Time since last request: 0.000020 seconds.
  path: Assets/Sprites/Enemy/Zombie Basic 1/DeathAir/Fall_death0002_004.png
  artifactKey: Guid(bf46f736b15b7e2449dacb7ec17ed054) Importer(815301076,1909f56bfc062723c751e8b465ee728b)
Start importing Assets/Sprites/Enemy/Zombie Basic 1/DeathAir/Fall_death0002_004.png using Guid(bf46f736b15b7e2449dacb7ec17ed054) Importer(815301076,1909f56bfc062723c751e8b465ee728b)  -> (artifact id: '7ab70d7dad7a0848513f3454601d1a43') in 0.028563 seconds 
========================================================================
Received Import Request.
  Time since last request: 0.000028 seconds.
  path: Assets/Sprites/Enemy/Zombie Basic 1/DeathAir/Fall_death0003_003.png
  artifactKey: Guid(259619bf27f677e469ecf9331ef4a0a5) Importer(815301076,1909f56bfc062723c751e8b465ee728b)
Start importing Assets/Sprites/Enemy/Zombie Basic 1/DeathAir/Fall_death0003_003.png using Guid(259619bf27f677e469ecf9331ef4a0a5) Importer(815301076,1909f56bfc062723c751e8b465ee728b)  -> (artifact id: 'b314cc017b221fc78b02ce009d28a389') in 0.032823 seconds 
========================================================================
Received Import Request.
  Time since last request: 0.000021 seconds.
  path: Assets/Sprites/Enemy/Zombie Basic 1/DeathAir/Fall_death0002_002.png
  artifactKey: Guid(b45ee210e5fed674ca211a49e0f6477e) Importer(815301076,1909f56bfc062723c751e8b465ee728b)
Start importing Assets/Sprites/Enemy/Zombie Basic 1/DeathAir/Fall_death0002_002.png using Guid(b45ee210e5fed674ca211a49e0f6477e) Importer(815301076,1909f56bfc062723c751e8b465ee728b)  -> (artifact id: '1a386504ab51c60db3d1fbaddc0906f6') in 0.030571 seconds 
========================================================================
Received Import Request.
  Time since last request: 3.492744 seconds.
  path: Assets/Sprites/Enemy/Zombie Basic 1/AttackReady/Attack Anticipate_z01_attack_v02000_000.png
  artifactKey: Guid(27159e4e50019a94dbed28067e36ff94) Importer(815301076,1909f56bfc062723c751e8b465ee728b)
Start importing Assets/Sprites/Enemy/Zombie Basic 1/AttackReady/Attack Anticipate_z01_attack_v02000_000.png using Guid(27159e4e50019a94dbed28067e36ff94) Importer(815301076,1909f56bfc062723c751e8b465ee728b)  -> (artifact id: 'e088fbf9adc44ed98c545636a788c0d3') in 0.029449 seconds 
========================================================================
Received Import Request.
  Time since last request: 0.532364 seconds.
  path: Assets/Sprites/Enemy/Zombie Basic 1/AttackReady/Attack Anticipate_z01_attack_v02004_004.png
  artifactKey: Guid(b1c47ccc715502a459b7223eaa6615e5) Importer(815301076,1909f56bfc062723c751e8b465ee728b)
Start importing Assets/Sprites/Enemy/Zombie Basic 1/AttackReady/Attack Anticipate_z01_attack_v02004_004.png using Guid(b1c47ccc715502a459b7223eaa6615e5) Importer(815301076,1909f56bfc062723c751e8b465ee728b)  -> (artifact id: '3a93403d46c7812ebde2dd80d4dbe2b4') in 0.031516 seconds 
========================================================================
Received Import Request.
  Time since last request: 9.953580 seconds.
  path: Assets/Sprites/Enemy/Zombie Basic 1/AttackReady/Attack Anticipate_z01_attack_v02001_001.png
  artifactKey: Guid(5470fae35e4d28e4b85eb663d75cedc8) Importer(815301076,1909f56bfc062723c751e8b465ee728b)
Start importing Assets/Sprites/Enemy/Zombie Basic 1/AttackReady/Attack Anticipate_z01_attack_v02001_001.png using Guid(5470fae35e4d28e4b85eb663d75cedc8) Importer(815301076,1909f56bfc062723c751e8b465ee728b)  -> (artifact id: 'af0b31bad6fd19f17cbf014feda70a2b') in 0.032074 seconds 
========================================================================
Received Import Request.
  Time since last request: 0.000025 seconds.
  path: Assets/Sprites/Enemy/Zombie Basic 1/AttackReady/Attack Anticipate_z01_attack_v02003_003.png
  artifactKey: Guid(f4a64e388ac71ab43b98b35c951a9c32) Importer(815301076,1909f56bfc062723c751e8b465ee728b)
Start importing Assets/Sprites/Enemy/Zombie Basic 1/AttackReady/Attack Anticipate_z01_attack_v02003_003.png using Guid(f4a64e388ac71ab43b98b35c951a9c32) Importer(815301076,1909f56bfc062723c751e8b465ee728b)  -> (artifact id: 'b9a6794bf01e5e9148a53123791bd156') in 0.031431 seconds 
========================================================================
Received Import Request.
  Time since last request: 0.000033 seconds.
  path: Assets/Sprites/Enemy/Zombie Basic 1/AttackReady/Attack Anticipate_z01_attack_v02002_002.png
  artifactKey: Guid(d5083a82259ec5649a9e0bac166813e2) Importer(815301076,1909f56bfc062723c751e8b465ee728b)
Start importing Assets/Sprites/Enemy/Zombie Basic 1/AttackReady/Attack Anticipate_z01_attack_v02002_002.png using Guid(d5083a82259ec5649a9e0bac166813e2) Importer(815301076,1909f56bfc062723c751e8b465ee728b)  -> (artifact id: '6c0d9d8d802d4c055500793d62470a4a') in 0.039457 seconds 
========================================================================
Received Import Request.
  Time since last request: 3.549597 seconds.
  path: Assets/Sprites/Enemy/Zombie Basic 1/AttackOn/Attack Lunge_z01_attack_v02005_000.png
  artifactKey: Guid(c089e8b3673bc8441b77ceaaf0685750) Importer(815301076,1909f56bfc062723c751e8b465ee728b)
Start importing Assets/Sprites/Enemy/Zombie Basic 1/AttackOn/Attack Lunge_z01_attack_v02005_000.png using Guid(c089e8b3673bc8441b77ceaaf0685750) Importer(815301076,1909f56bfc062723c751e8b465ee728b)  -> (artifact id: '872d1d15d5c18dfdb9872121b9fe3a39') in 0.056072 seconds 
========================================================================
Received Import Request.
  Time since last request: 12.240621 seconds.
  path: Assets/Sprites/Enemy/Zombie Basic 1/AttackOn/Attack Lunge_z01_attack_v02005_004.png
  artifactKey: Guid(9459cd2bab81680448f1c9fae5a73ec8) Importer(815301076,1909f56bfc062723c751e8b465ee728b)
Start importing Assets/Sprites/Enemy/Zombie Basic 1/AttackOn/Attack Lunge_z01_attack_v02005_004.png using Guid(9459cd2bab81680448f1c9fae5a73ec8) Importer(815301076,1909f56bfc062723c751e8b465ee728b)  -> (artifact id: 'b9d19c2256084d1601b1a48e05aec178') in 0.029172 seconds 
========================================================================
Received Import Request.
  Time since last request: 0.000036 seconds.
  path: Assets/Sprites/Enemy/Zombie Basic 1/AttackOn/Attack Lunge_z01_attack_v02006_005.png
  artifactKey: Guid(8ad99b81b386c0341815702ed4b93061) Importer(815301076,1909f56bfc062723c751e8b465ee728b)
Start importing Assets/Sprites/Enemy/Zombie Basic 1/AttackOn/Attack Lunge_z01_attack_v02006_005.png using Guid(8ad99b81b386c0341815702ed4b93061) Importer(815301076,1909f56bfc062723c751e8b465ee728b)  -> (artifact id: '22034fb5fd76cef8ce476cacec2fd64f') in 0.034775 seconds 
========================================================================
Received Import Request.
  Time since last request: 0.000026 seconds.
  path: Assets/Sprites/Enemy/Zombie Basic 1/AttackOn/Attack Lunge_z01_attack_v02007_006.png
  artifactKey: Guid(1e3f8ca36c6c6eb48964676484bb62e5) Importer(815301076,1909f56bfc062723c751e8b465ee728b)
Start importing Assets/Sprites/Enemy/Zombie Basic 1/AttackOn/Attack Lunge_z01_attack_v02007_006.png using Guid(1e3f8ca36c6c6eb48964676484bb62e5) Importer(815301076,1909f56bfc062723c751e8b465ee728b)  -> (artifact id: 'feb494fbd6cda9f4ab7ef2d492437486') in 0.034478 seconds 
========================================================================
Received Import Request.
  Time since last request: 0.000026 seconds.
  path: Assets/Sprites/Enemy/Zombie Basic 1/AttackOn/Attack Lunge_z01_attack_v02007_002.png
  artifactKey: Guid(5caeea7378bc3a140a3a0174f17586fb) Importer(815301076,1909f56bfc062723c751e8b465ee728b)
Start importing Assets/Sprites/Enemy/Zombie Basic 1/AttackOn/Attack Lunge_z01_attack_v02007_002.png using Guid(5caeea7378bc3a140a3a0174f17586fb) Importer(815301076,1909f56bfc062723c751e8b465ee728b)  -> (artifact id: '3129e9191a57b446bb57e5718c59407b') in 0.033419 seconds 
========================================================================
Received Import Request.
  Time since last request: 0.000038 seconds.
  path: Assets/Sprites/Enemy/Zombie Basic 1/AttackOn/Attack Lunge_z01_attack_v02006_001.png
  artifactKey: Guid(0f125c65e6402e944bea22248f4fed7d) Importer(815301076,1909f56bfc062723c751e8b465ee728b)
Start importing Assets/Sprites/Enemy/Zombie Basic 1/AttackOn/Attack Lunge_z01_attack_v02006_001.png using Guid(0f125c65e6402e944bea22248f4fed7d) Importer(815301076,1909f56bfc062723c751e8b465ee728b)  -> (artifact id: '233947de8cb9a9a3ed047f605976623e') in 0.037008 seconds 
========================================================================
Received Import Request.
  Time since last request: 0.000021 seconds.
  path: Assets/Sprites/Enemy/Zombie Basic 1/AttackOn/Attack Lunge_z01_attack_v02008_007.png
  artifactKey: Guid(3d29bfa95f356e842996df36362d1de6) Importer(815301076,1909f56bfc062723c751e8b465ee728b)
Start importing Assets/Sprites/Enemy/Zombie Basic 1/AttackOn/Attack Lunge_z01_attack_v02008_007.png using Guid(3d29bfa95f356e842996df36362d1de6) Importer(815301076,1909f56bfc062723c751e8b465ee728b)  -> (artifact id: 'de13cb6fc99d049b3f8263bc1c5e8f1a') in 0.070127 seconds 
========================================================================
Received Import Request.
  Time since last request: 0.000026 seconds.
  path: Assets/Sprites/Enemy/Zombie Basic 1/AttackOn/Attack Lunge_z01_attack_v02008_003.png
  artifactKey: Guid(c93f244c27153ba4991a46325207f057) Importer(815301076,1909f56bfc062723c751e8b465ee728b)
Start importing Assets/Sprites/Enemy/Zombie Basic 1/AttackOn/Attack Lunge_z01_attack_v02008_003.png using Guid(c93f244c27153ba4991a46325207f057) Importer(815301076,1909f56bfc062723c751e8b465ee728b)  -> (artifact id: '4f7400a666a920f53ab236e42afa19a6') in 0.066937 seconds 
========================================================================
Received Import Request.
  Time since last request: 1.975669 seconds.
  path: Assets/Sprites/Enemy/Zombie Basic 1/AttackCooldown/Attack Cooldown_z01_attack_v02009_000.png
  artifactKey: Guid(bdcc621b8dd2f3943aa91f7fdd6e66e7) Importer(815301076,1909f56bfc062723c751e8b465ee728b)
Start importing Assets/Sprites/Enemy/Zombie Basic 1/AttackCooldown/Attack Cooldown_z01_attack_v02009_000.png using Guid(bdcc621b8dd2f3943aa91f7fdd6e66e7) Importer(815301076,1909f56bfc062723c751e8b465ee728b)  -> (artifact id: 'eaba8d450606a736cb8385c185524efa') in 0.033075 seconds 
========================================================================
Received Import Request.
  Time since last request: 0.733517 seconds.
  path: Assets/Sprites/Enemy/Zombie Basic 1/AttackCooldown
  artifactKey: Guid(f94af53c682014f4ca7787a9583ca8dd) Importer(815301076,1909f56bfc062723c751e8b465ee728b)
Start importing Assets/Sprites/Enemy/Zombie Basic 1/AttackCooldown using Guid(f94af53c682014f4ca7787a9583ca8dd) Importer(815301076,1909f56bfc062723c751e8b465ee728b)  -> (artifact id: '51b70e456326e7e605ffd989962fd0d7') in 0.013929 seconds 
========================================================================
Received Import Request.
  Time since last request: 19.639181 seconds.
  path: Assets/Animations/Enemy/Zombie Basic 1/Attack Lunge_z01_attack_v02005_000.controller
  artifactKey: Guid(af590de0086125f46be5974b2e0820ef) Importer(815301076,1909f56bfc062723c751e8b465ee728b)
Start importing Assets/Animations/Enemy/Zombie Basic 1/Attack Lunge_z01_attack_v02005_000.controller using Guid(af590de0086125f46be5974b2e0820ef) Importer(815301076,1909f56bfc062723c751e8b465ee728b)  -> (artifact id: 'bb2b9000cfaf211122ec9f14d39f28e4') in 0.005315 seconds 
========================================================================
Received Import Request.
  Time since last request: 2.298837 seconds.
  path: Assets/Animations/Enemy/Zombie Basic 1/Attack Anticipate_z01_attack_v02000_000.controller
  artifactKey: Guid(a2c56bda544a37942961ade0f914460b) Importer(815301076,1909f56bfc062723c751e8b465ee728b)
Start importing Assets/Animations/Enemy/Zombie Basic 1/Attack Anticipate_z01_attack_v02000_000.controller using Guid(a2c56bda544a37942961ade0f914460b) Importer(815301076,1909f56bfc062723c751e8b465ee728b)  -> (artifact id: '764cd692587408ee3ce433e32122f266') in 0.033549 seconds 
========================================================================
Received Import Request.
  Time since last request: 0.929905 seconds.
  path: Assets/Animations/Enemy/Zombie Basic 1/AttackReady.anim
  artifactKey: Guid(087509a8a6a7e664aa69dd0f7efc9a91) Importer(815301076,1909f56bfc062723c751e8b465ee728b)
Start importing Assets/Animations/Enemy/Zombie Basic 1/AttackReady.anim using Guid(087509a8a6a7e664aa69dd0f7efc9a91) Importer(815301076,1909f56bfc062723c751e8b465ee728b)  -> (artifact id: 'f97b9208177e6480a0dcf3e24d929cdb') in 0.014031 seconds 
========================================================================
Received Import Request.
  Time since last request: 1.364719 seconds.
  path: Assets/Animations/Enemy/Zombie Basic 1/Fall_death0000_000.controller
  artifactKey: Guid(6b9ee17f14a60424fbae2acf4f5c19f1) Importer(815301076,1909f56bfc062723c751e8b465ee728b)
Start importing Assets/Animations/Enemy/Zombie Basic 1/Fall_death0000_000.controller using Guid(6b9ee17f14a60424fbae2acf4f5c19f1) Importer(815301076,1909f56bfc062723c751e8b465ee728b)  -> (artifact id: '9e138f3754c3235412f0c8d44faf9f6a') in 0.005807 seconds 
========================================================================
Received Import Request.
  Time since last request: 89.997269 seconds.
  path: Assets/Scripts/Enemy/Zombie Basic 1/ZombieBasic1FSM.cs
  artifactKey: Guid(8e16b1816c9760c42a7ad667c4a26e54) Importer(815301076,1909f56bfc062723c751e8b465ee728b)
Start importing Assets/Scripts/Enemy/Zombie Basic 1/ZombieBasic1FSM.cs using Guid(8e16b1816c9760c42a7ad667c4a26e54) Importer(815301076,1909f56bfc062723c751e8b465ee728b)  -> (artifact id: 'a878c20bba7186db163ee8da789419e4') in 0.048595 seconds 
========================================================================
Received Prepare
Registering precompiled user dll's ...
Registered in 0.010032 seconds.
Begin MonoManager ReloadAssembly
Symbol file LoadedFromMemory doesn't match image C:\Users\admin\Desktop\HollowKnight\HollowKnight\Library\PackageCache\com.unity.visualscripting@1.8.0\Editor\VisualScripting.Core\Dependencies\YamlDotNet\Unity.VisualScripting.YamlDotNet.dll
Symbol file LoadedFromMemory doesn't match image C:\Users\admin\Desktop\HollowKnight\HollowKnight\Library\PackageCache\com.unity.visualscripting@1.8.0\Editor\VisualScripting.Core\Dependencies\DotNetZip\Unity.VisualScripting.IonicZip.dll
Native extension for WindowsStandalone target not found
Refreshing native plugins compatible for Editor in 0.88 ms, found 4 plugins.
Preloading 0 native plugins for Editor in 0.00 ms.
Mono: successfully reloaded assembly
- Completed reload, in  1.274 seconds
Domain Reload Profiling:
	ReloadAssembly (1275ms)
		BeginReloadAssembly (187ms)
			ExecutionOrderSort (0ms)
			DisableScriptedObjects (7ms)
			BackupInstance (0ms)
			ReleaseScriptingObjects (0ms)
			CreateAndSetChildDomain (42ms)
		EndReloadAssembly (982ms)
			LoadAssemblies (128ms)
			RebuildTransferFunctionScriptingTraits (0ms)
			SetupTypeCache (279ms)
			ReleaseScriptCaches (1ms)
			RebuildScriptCaches (70ms)
			SetupLoadedEditorAssemblies (468ms)
				LogAssemblyErrors (0ms)
				InitializePlatformSupportModulesInManaged (5ms)
				SetLoadedEditorAssemblies (1ms)
				RefreshPlugins (1ms)
				BeforeProcessingInitializeOnLoad (94ms)
				ProcessInitializeOnLoadAttributes (329ms)
				ProcessInitializeOnLoadMethodAttributes (33ms)
				AfterProcessingInitializeOnLoad (4ms)
				EditorAssembliesLoaded (0ms)
			ExecutionOrderSort2 (0ms)
			AwakeInstancesAfterBackupRestoration (9ms)
Platform modules already initialized, skipping
Refreshing native plugins compatible for Editor in 4.90 ms, found 4 plugins.
Preloading 0 native plugins for Editor in 0.00 ms.
Unloading 4240 Unused Serialized files (Serialized files now loaded: 0)
Unloading 24 unused Assets / (95.4 KB). Loaded Objects now: 4804.
Memory consumption went from 169.6 MB to 169.5 MB.
Total: 3.297100 ms (FindLiveObjects: 0.314200 ms CreateObjectMapping: 0.221700 ms MarkObjects: 2.722000 ms  DeleteObjects: 0.038100 ms)

AssetImportParameters requested are different than current active one (requested -> active):
  custom:video-decoder-ogg-theora: a1e56fd34408186e4bbccfd4996cb3dc -> 
  custom:container-muxer-webm: aa71ff27fc2769a1b78a27578f13a17b -> 
  custom:container-demuxer-webm: 4f35f7cbe854078d1ac9338744f61a02 -> 
  custom:video-encoder-webm-vp8: eb34c28f22e8b96e1ab97ce403110664 -> 
  custom:video-codec-MediaFoundation-h265: 746d11721c4dcdbdad8f713fa42b33f4 -> 
  custom:audio-encoder-webm-vorbis: bf7c407c2cedff20999df2af8eb42d56 -> 
  custom:framework-win-MediaFoundation: 216162199b28c13a410421893ffa2e32 -> 
  custom:container-demuxer-ogg: 62fdf1f143b41e24485cea50d1cbac27 -> 
  custom:video-decoder-webm-vp8: 9c59270c3fd7afecdb556c50c9e8de78 -> 
  custom:audio-decoder-ogg-vorbis: bf7c407c2cedff20999df2af8eb42d56 -> 
========================================================================
Received Import Request.
  Time since last request: 358.367983 seconds.
  path: Assets/Sprites/Enemy/Fly/DeathAir/Fly_full_0.png
  artifactKey: Guid(82acaf1a4f5f74b4bba6bd85ce5211e2) Importer(815301076,1909f56bfc062723c751e8b465ee728b)
Start importing Assets/Sprites/Enemy/Fly/DeathAir/Fly_full_0.png using Guid(82acaf1a4f5f74b4bba6bd85ce5211e2) Importer(815301076,1909f56bfc062723c751e8b465ee728b)  -> (artifact id: '3778002d632ce799434369e31ed5f4df') in 1.071146 seconds 
========================================================================
Received Import Request.
  Time since last request: 8.417125 seconds.
  path: 
  artifactKey: Guid(e4ab765b29f22424d9b84beaa8958cad) Importer(815301076,1909f56bfc062723c751e8b465ee728b)
Start importing  using Guid(e4ab765b29f22424d9b84beaa8958cad) Importer(815301076,1909f56bfc062723c751e8b465ee728b)  -> (artifact id: '00000000000000000000000000000000') in 0.000093 seconds  code(3) message(Unknown asset with GUID 'e4ab765b29f22424d9b84beaa8958cad')
  ERROR: Unknown asset with GUID 'e4ab765b29f22424d9b84beaa8958cad'
========================================================================
Received Import Request.
  Time since last request: 2.466505 seconds.
  path: Assets/Sprites/Enemy/Fly/DeathAir/Fly_death0001.png
  artifactKey: Guid(4d3f5bc5ba8394f488efbd54a5190aa7) Importer(815301076,1909f56bfc062723c751e8b465ee728b)
Start importing Assets/Sprites/Enemy/Fly/DeathAir/Fly_death0001.png using Guid(4d3f5bc5ba8394f488efbd54a5190aa7) Importer(815301076,1909f56bfc062723c751e8b465ee728b)  -> (artifact id: '82482f1881baae480a6aed7db5a5d95b') in 0.171422 seconds 
========================================================================
Received Import Request.
  Time since last request: 0.001388 seconds.
  path: Assets/Sprites/Enemy/Fly/DeathAir/Fly_death0000.png
  artifactKey: Guid(3f6cb81ad8da55349a2ad1e75b89deb1) Importer(815301076,1909f56bfc062723c751e8b465ee728b)
Start importing Assets/Sprites/Enemy/Fly/DeathAir/Fly_death0000.png using Guid(3f6cb81ad8da55349a2ad1e75b89deb1) Importer(815301076,1909f56bfc062723c751e8b465ee728b)  -> (artifact id: 'a587782e7e1e6169fa728c52ae493589') in 0.045905 seconds 
========================================================================
Received Import Request.
  Time since last request: 0.000398 seconds.
  path: Assets/Sprites/Enemy/Fly/DeathAir/Fly_aaaaa_info.txt
  artifactKey: Guid(3c5ef9bdc160b8a4b9ca47e09b97676e) Importer(815301076,1909f56bfc062723c751e8b465ee728b)
Start importing Assets/Sprites/Enemy/Fly/DeathAir/Fly_aaaaa_info.txt using Guid(3c5ef9bdc160b8a4b9ca47e09b97676e) Importer(815301076,1909f56bfc062723c751e8b465ee728b)  -> (artifact id: '21e19190facc39def93f7cb57e5963ab') in 0.021008 seconds 
========================================================================
Received Import Request.
  Time since last request: 80.720197 seconds.
  path: Assets/Sprites/Enemy/Fly/DeathAir/Fly_aaaaa_info.txt
  artifactKey: Guid(3c5ef9bdc160b8a4b9ca47e09b97676e) Importer(815301076,1909f56bfc062723c751e8b465ee728b)
Start importing Assets/Sprites/Enemy/Fly/DeathAir/Fly_aaaaa_info.txt using Guid(3c5ef9bdc160b8a4b9ca47e09b97676e) Importer(815301076,1909f56bfc062723c751e8b465ee728b)  -> (artifact id: '13e1e53d849b84b239e41fa23f722429') in 0.057837 seconds 
========================================================================
Received Import Request.
  Time since last request: 6.024806 seconds.
  path: Assets/Sprites/Enemy/Fly/DeathLand
  artifactKey: Guid(3009ee944f79d1f4cab2fe38a0fbed31) Importer(815301076,1909f56bfc062723c751e8b465ee728b)
Start importing Assets/Sprites/Enemy/Fly/DeathLand using Guid(3009ee944f79d1f4cab2fe38a0fbed31) Importer(815301076,1909f56bfc062723c751e8b465ee728b)  -> (artifact id: 'e5fd7ac8596e65c1e457e6ca5fcf7856') in 0.033018 seconds 
========================================================================
Received Import Request.
  Time since last request: 0.000042 seconds.
  path: Assets/Sprites/Enemy/Fly/Fly_full_0.png
  artifactKey: Guid(ecdbdf44486af77418e2feb6f26b3f6f) Importer(815301076,1909f56bfc062723c751e8b465ee728b)
Start importing Assets/Sprites/Enemy/Fly/Fly_full_0.png using Guid(ecdbdf44486af77418e2feb6f26b3f6f) Importer(815301076,1909f56bfc062723c751e8b465ee728b)  -> (artifact id: 'e523132d8f50e4f4fc5e91143d4e9db8') in 2.165367 seconds 
========================================================================
Received Import Request.
  Time since last request: 217.052928 seconds.
  path: Assets/Sprites/Enemy/Fly
  artifactKey: Guid(61309005d71f6284aaed032963c77844) Importer(815301076,1909f56bfc062723c751e8b465ee728b)
Start importing Assets/Sprites/Enemy/Fly using Guid(61309005d71f6284aaed032963c77844) Importer(815301076,1909f56bfc062723c751e8b465ee728b)  -> (artifact id: 'f385b47494e1bd3e522b9f29a77394dc') in 0.017811 seconds 
========================================================================
Received Import Request.
  Time since last request: 0.417497 seconds.
  path: Assets/Sprites/Enemy/Boss
  artifactKey: Guid(b81f6d8214841004c91b40e2c4b54fc6) Importer(815301076,1909f56bfc062723c751e8b465ee728b)
Start importing Assets/Sprites/Enemy/Boss using Guid(b81f6d8214841004c91b40e2c4b54fc6) Importer(815301076,1909f56bfc062723c751e8b465ee728b)  -> (artifact id: '5c49090eb8cc8e1b871a33288a2cbc35') in 0.016807 seconds 
========================================================================
Received Import Request.
  Time since last request: 46.113841 seconds.
  path: Assets/Animations/Effect/SlashEffect
  artifactKey: Guid(1f1fd05b8e195524bba27077e207d4e0) Importer(815301076,1909f56bfc062723c751e8b465ee728b)
Start importing Assets/Animations/Effect/SlashEffect using Guid(1f1fd05b8e195524bba27077e207d4e0) Importer(815301076,1909f56bfc062723c751e8b465ee728b)  -> (artifact id: 'b5d4183b49cdb21bee7b9c8b68b1f798') in 0.015318 seconds 
========================================================================
Received Import Request.
  Time since last request: 1.410893 seconds.
  path: Assets/Animations/Effect/DownSlashEffect.anim
  artifactKey: Guid(5a930005b36e2324f8ec4afdeb586785) Importer(815301076,1909f56bfc062723c751e8b465ee728b)
Start importing Assets/Animations/Effect/DownSlashEffect.anim using Guid(5a930005b36e2324f8ec4afdeb586785) Importer(815301076,1909f56bfc062723c751e8b465ee728b)  -> (artifact id: '7856114eb19897ac871489acf16fe282') in 0.014156 seconds 
========================================================================
Received Import Request.
  Time since last request: 12.453673 seconds.
  path: Assets/Animations/Effect/HitEffect
  artifactKey: Guid(c6ebc267d4ce30b43976e9889c1cef0f) Importer(815301076,1909f56bfc062723c751e8b465ee728b)
Start importing Assets/Animations/Effect/HitEffect using Guid(c6ebc267d4ce30b43976e9889c1cef0f) Importer(815301076,1909f56bfc062723c751e8b465ee728b)  -> (artifact id: '4cc0526481fef9073a8f5e756eb0372f') in 0.015302 seconds 
========================================================================
Received Import Request.
  Time since last request: 22.953916 seconds.
  path: Assets/Animations/Effect/HitEffect/New Animation.anim
  artifactKey: Guid(7328f1eed49a07f4187e73fb8f7b1c3a) Importer(815301076,1909f56bfc062723c751e8b465ee728b)
Start importing Assets/Animations/Effect/HitEffect/New Animation.anim using Guid(7328f1eed49a07f4187e73fb8f7b1c3a) Importer(815301076,1909f56bfc062723c751e8b465ee728b)  -> (artifact id: '1cadd20f30c7cffb9a1362f4ae052b7a') in 0.017760 seconds 
========================================================================
Received Import Request.
  Time since last request: 0.588996 seconds.
  path: Assets/Animations/Effect/HitEffect/Sword_strike_effect0000_000.controller
  artifactKey: Guid(b7d2c1806d649644e9912b97de0add15) Importer(815301076,1909f56bfc062723c751e8b465ee728b)
Start importing Assets/Animations/Effect/HitEffect/Sword_strike_effect0000_000.controller using Guid(b7d2c1806d649644e9912b97de0add15) Importer(815301076,1909f56bfc062723c751e8b465ee728b)  -> (artifact id: '22c82ae28d863010690a9465ba574373') in 0.016935 seconds 
========================================================================
Received Import Request.
  Time since last request: 6.679250 seconds.
  path: Assets/Animations/Effect/HitEffect/HitEffect.anim
  artifactKey: Guid(7328f1eed49a07f4187e73fb8f7b1c3a) Importer(815301076,1909f56bfc062723c751e8b465ee728b)
Start importing Assets/Animations/Effect/HitEffect/HitEffect.anim using Guid(7328f1eed49a07f4187e73fb8f7b1c3a) Importer(815301076,1909f56bfc062723c751e8b465ee728b)  -> (artifact id: '0eeba30ece6e8bcf45556471431038d6') in 0.005577 seconds 
